<?xml version="1.0" encoding="UTF-8"?>
<testng-results ignored="0" total="1" passed="1" failed="0" skipped="0">
  <reporter-output>
  </reporter-output>
  <suite started-at="2023-08-29T08:17:55 IST" name="Default suite" finished-at="2023-08-29T08:17:55 IST" duration-ms="96">
    <groups>
    </groups>
    <test started-at="2023-08-29T08:17:55 IST" name="Default test" finished-at="2023-08-29T08:17:55 IST" duration-ms="96">
      <class name="Jenkin">
        <test-method signature="Demo()[pri:0, instance:Jenkin@4738a206]" started-at="2023-08-29T08:17:55 IST" name="Demo" finished-at="2023-08-29T08:17:55 IST" duration-ms="14" status="PASS">
          <reporter-output>
          </reporter-output>
        </test-method> <!-- Demo -->
      </class> <!-- Jenkin -->
    </test> <!-- Default test -->
  </suite> <!-- Default suite -->
</testng-results>
